<?xml version="1.0" encoding="UTF-8"?>
<!-- Generated by org.testng.reporters.JUnitReportReporter -->
<testsuite hostname="pop-os" failures="0" tests="1" name="testcases.normalsearch.SearchByName" time="52.956" errors="0" timestamp="2024-04-25T22:01:51 NPT" skipped="0">
  <testcase classname="testcases.normalsearch.SearchByName" name="searchByName" time="52.956"/>
</testsuite> <!-- search.SearchByName -->
